<?xml version="1.0" encoding="UTF-8"?>
<testng-results ignored="0" total="1" passed="1" failed="0" skipped="0">
  <reporter-output>
  </reporter-output>
  <suite started-at="2022-05-29T06:36:09Z" name="Suite" finished-at="2022-05-29T06:36:12Z" duration-ms="2416">
    <groups>
    </groups>
    <test started-at="2022-05-29T06:36:09Z" name="Test" finished-at="2022-05-29T06:36:12Z" duration-ms="2416">
      <class name="apichaining.EndtoEndTest">
        <test-method signature="test1()[pri:0, instance:apichaining.EndtoEndTest@55cf0d14]" started-at="2022-05-29T06:36:09Z" name="test1" finished-at="2022-05-29T06:36:12Z" duration-ms="2396" status="PASS">
          <reporter-output>
          </reporter-output>
        </test-method> <!-- test1 -->
      </class> <!-- apichaining.EndtoEndTest -->
    </test> <!-- Test -->
  </suite> <!-- Suite -->
</testng-results>
