<?xml version="1.0" encoding="UTF-8"?>
<testng-results ignored="0" total="1" passed="1" failed="0" skipped="0">
  <reporter-output>
  </reporter-output>
  <suite started-at="2022-05-28T07:15:18Z" name="Default suite" finished-at="2022-05-28T07:15:19Z" duration-ms="1574">
    <groups>
    </groups>
    <test started-at="2022-05-28T07:15:18Z" name="Default test" finished-at="2022-05-28T07:15:19Z" duration-ms="1574">
      <class name="restAPI.PostRequestwithFile">
        <test-method signature="test1()[pri:0, instance:restAPI.PostRequestwithFile@3eb81efb]" started-at="2022-05-28T07:15:18Z" name="test1" finished-at="2022-05-28T07:15:19Z" duration-ms="1558" status="PASS">
          <reporter-output>
          </reporter-output>
        </test-method> <!-- test1 -->
      </class> <!-- restAPI.PostRequestwithFile -->
    </test> <!-- Default test -->
  </suite> <!-- Default suite -->
</testng-results>
